<?xml version="1.0" encoding="UTF-8"?>
<testng-results skipped="0" failed="0" total="1" passed="1">
  <reporter-output>
  </reporter-output>
  <suite name="mavanProject" duration-ms="40399" started-at="2018-01-18T08:14:37Z" finished-at="2018-01-18T08:15:17Z">
    <groups>
    </groups>
    <test name="maven academy gcpi" duration-ms="40399" started-at="2018-01-18T08:14:37Z" finished-at="2018-01-18T08:15:17Z">
      <class name="gcpi.FactoryConfigTest">
        <test-method status="PASS" signature="setUp()[pri:0, instance:gcpi.FactoryConfigTest@29298c7d]" name="setUp" is-config="true" duration-ms="11573" started-at="2018-01-18T16:14:37Z" finished-at="2018-01-18T16:14:48Z">
          <reporter-output>
          </reporter-output>
        </test-method> <!-- setUp -->
        <test-method status="PASS" signature="createFactoryConfigTest()[pri:0, instance:gcpi.FactoryConfigTest@29298c7d]" name="createFactoryConfigTest" duration-ms="27356" started-at="2018-01-18T16:14:48Z" finished-at="2018-01-18T16:15:16Z">
          <reporter-output>
          </reporter-output>
        </test-method> <!-- createFactoryConfigTest -->
        <test-method status="PASS" signature="tearDown()[pri:0, instance:gcpi.FactoryConfigTest@29298c7d]" name="tearDown" is-config="true" duration-ms="1462" started-at="2018-01-18T16:15:16Z" finished-at="2018-01-18T16:15:17Z">
          <reporter-output>
          </reporter-output>
        </test-method> <!-- tearDown -->
      </class> <!-- gcpi.FactoryConfigTest -->
    </test> <!-- maven academy gcpi -->
  </suite> <!-- mavanProject -->
</testng-results>
